2019-01-09 14:31:05.116  INFO 13092 --- [main] c.f.adminclient.AdminClientApplication   : Starting AdminClientApplication on fangzhipeng with PID 13092 (D:\github\github201901\sc-f-boot-admin\admin-client\target\classes started by fangzhipeng in D:\github\github201901\sc-f-boot-admin)
2019-01-09 14:31:05.126  INFO 13092 --- [main] c.f.adminclient.AdminClientApplication   : No active profile set, falling back to default profiles: default
2019-01-09 14:31:08.554  INFO 13092 --- [main] o.s.b.w.embedded.tomcat.TomcatWebServer  : Tomcat initialized with port(s): 8768 (http)
2019-01-09 14:31:08.583  INFO 13092 --- [main] o.apache.catalina.core.StandardService   : Starting service [Tomcat]
2019-01-09 14:31:08.583  INFO 13092 --- [main] org.apache.catalina.core.StandardEngine  : Starting Servlet Engine: Apache Tomcat/9.0.12
2019-01-09 14:31:08.596  INFO 13092 --- [main] o.a.catalina.core.AprLifecycleListener   : The APR based Apache Tomcat Native library which allows optimal performance in production environments was not found on the java.library.path: [C:\Program Files\Java\jdk1.8.0_161\bin;C:\windows\Sun\Java\bin;C:\windows\system32;C:\windows;C:\ProgramData\Oracle\Java\javapath;C:\Program Files (x86)\Intel\iCLS Client\;C:\Program Files\Intel\iCLS Client\;C:\windows\system32;C:\windows;C:\windows\System32\Wbem;C:\windows\System32\WindowsPowerShell\v1.0\;C:\Program Files (x86)\Intel\UCRT\;C:\Program Files\Intel\UCRT\;C:\Program Files (x86)\Intel\Intel(R) Management Engine Components\DAL;C:\Program Files\Intel\Intel(R) Management Engine Components\DAL;C:\Program Files (x86)\Intel\Intel(R) Management Engine Components\IPT;C:\Program Files\Intel\Intel(R) Management Engine Components\IPT;C:\Program Files\Intel\WiFi\bin\;C:\Program Files\Common Files\Intel\WirelessCommon\;C:\Program Files\Lenovo\Touch Fingerprint Software\;C:\Program Files (x86)\Common Files\Lenovo;C:\ProgramData\Lenovo\ReadyApps;D:\profile\Git\cmd;C:\Program Files (x86)\Java\jdk1.8.0_144\bin;C:\Program Files (x86)\Java\jdk1.8.0_144\jre\bin;D:\profile\apache-maven-3.5.3\bin\;D:\profile\mysql-5.6.39-winx64\bin;C:\Program Files\TortoiseSVN\bin;D:\Program Files (x86)\Gpg4win\..\GnuPG\bin;D:\profile\redis\;C:\Program Files\nodejs\;C:\Python27;C:\Go\bin;D:\gospace\bin;D:\Program Files\PuTTY\;C:\Users\fangzhipeng\AppData\Roaming\npm;D:\gospace\bin;C:\Program Files\JetBrains\IntelliJ IDEA Community Edition 2018.3.2\bin;;.]
2019-01-09 14:31:08.810  INFO 13092 --- [main] o.a.c.c.C.[Tomcat].[localhost].[/]       : Initializing Spring embedded WebApplicationContext
2019-01-09 14:31:08.810  INFO 13092 --- [main] o.s.web.context.ContextLoader            : Root WebApplicationContext: initialization completed in 3547 ms
2019-01-09 14:31:09.454  INFO 13092 --- [main] o.s.b.w.servlet.FilterRegistrationBean   : Mapping filter: 'characterEncodingFilter' to: [/*]
2019-01-09 14:31:09.455  INFO 13092 --- [main] o.s.b.w.servlet.FilterRegistrationBean   : Mapping filter: 'webMvcMetricsFilter' to: [/*]
2019-01-09 14:31:09.455  INFO 13092 --- [main] o.s.b.w.servlet.FilterRegistrationBean   : Mapping filter: 'hiddenHttpMethodFilter' to: [/*]
2019-01-09 14:31:09.455  INFO 13092 --- [main] o.s.b.w.servlet.FilterRegistrationBean   : Mapping filter: 'formContentFilter' to: [/*]
2019-01-09 14:31:09.456  INFO 13092 --- [main] o.s.b.w.servlet.FilterRegistrationBean   : Mapping filter: 'requestContextFilter' to: [/*]
2019-01-09 14:31:09.456  INFO 13092 --- [main] o.s.b.w.servlet.FilterRegistrationBean   : Mapping filter: 'httpTraceFilter' to: [/*]
2019-01-09 14:31:09.456  INFO 13092 --- [main] o.s.b.w.servlet.ServletRegistrationBean  : Servlet dispatcherServlet mapped to [/]
2019-01-09 14:31:09.459  INFO 13092 --- [main] o.s.b.a.e.web.ServletEndpointRegistrar   : Registered '/actuator/jolokia' to jolokia-actuator-endpoint
2019-01-09 14:31:09.732  INFO 13092 --- [main] o.s.s.concurrent.ThreadPoolTaskExecutor  : Initializing ExecutorService 'applicationTaskExecutor'
2019-01-09 14:31:10.138  INFO 13092 --- [main] o.s.s.c.ThreadPoolTaskScheduler          : Initializing ExecutorService
2019-01-09 14:31:10.226  INFO 13092 --- [main] o.s.b.a.e.web.EndpointLinksResolver      : Exposing 17 endpoint(s) beneath base path '/actuator'
2019-01-09 14:31:10.343  INFO 13092 --- [main] o.s.b.w.embedded.tomcat.TomcatWebServer  : Tomcat started on port(s): 8768 (http) with context path ''
2019-01-09 14:31:10.349  INFO 13092 --- [main] c.f.adminclient.AdminClientApplication   : Started AdminClientApplication in 6.245 seconds (JVM running for 7.116)
2019-01-09 14:31:11.670  INFO 13092 --- [registrationTask1] d.c.b.a.c.r.ApplicationRegistrator       : Application registered itself as 6bbafd06d725
2019-01-09 14:31:11.714  INFO 13092 --- [http-nio-8768-exec-1] o.a.c.c.C.[Tomcat].[localhost].[/]       : Initializing Spring DispatcherServlet 'dispatcherServlet'
2019-01-09 14:31:11.714  INFO 13092 --- [http-nio-8768-exec-1] o.s.web.servlet.DispatcherServlet        : Initializing Servlet 'dispatcherServlet'
2019-01-09 14:31:11.721  INFO 13092 --- [http-nio-8768-exec-1] o.s.web.servlet.DispatcherServlet        : Completed initialization in 7 ms
2019-01-09 14:33:27.005  INFO 15820 --- [main] c.f.adminclient.AdminClientApplication   : Starting AdminClientApplication on fangzhipeng with PID 15820 (D:\github\github201901\sc-f-boot-admin\admin-client\target\classes started by fangzhipeng in D:\github\github201901\sc-f-boot-admin)
2019-01-09 14:33:27.010  INFO 15820 --- [main] c.f.adminclient.AdminClientApplication   : No active profile set, falling back to default profiles: default
2019-01-09 14:33:30.082  INFO 15820 --- [main] o.s.b.w.embedded.tomcat.TomcatWebServer  : Tomcat initialized with port(s): 8768 (http)
2019-01-09 14:33:30.114  INFO 15820 --- [main] o.apache.catalina.core.StandardService   : Starting service [Tomcat]
2019-01-09 14:33:30.115  INFO 15820 --- [main] org.apache.catalina.core.StandardEngine  : Starting Servlet Engine: Apache Tomcat/9.0.12
2019-01-09 14:33:30.131  INFO 15820 --- [main] o.a.catalina.core.AprLifecycleListener   : The APR based Apache Tomcat Native library which allows optimal performance in production environments was not found on the java.library.path: [C:\Program Files\Java\jdk1.8.0_161\bin;C:\windows\Sun\Java\bin;C:\windows\system32;C:\windows;C:\ProgramData\Oracle\Java\javapath;C:\Program Files (x86)\Intel\iCLS Client\;C:\Program Files\Intel\iCLS Client\;C:\windows\system32;C:\windows;C:\windows\System32\Wbem;C:\windows\System32\WindowsPowerShell\v1.0\;C:\Program Files (x86)\Intel\UCRT\;C:\Program Files\Intel\UCRT\;C:\Program Files (x86)\Intel\Intel(R) Management Engine Components\DAL;C:\Program Files\Intel\Intel(R) Management Engine Components\DAL;C:\Program Files (x86)\Intel\Intel(R) Management Engine Components\IPT;C:\Program Files\Intel\Intel(R) Management Engine Components\IPT;C:\Program Files\Intel\WiFi\bin\;C:\Program Files\Common Files\Intel\WirelessCommon\;C:\Program Files\Lenovo\Touch Fingerprint Software\;C:\Program Files (x86)\Common Files\Lenovo;C:\ProgramData\Lenovo\ReadyApps;D:\profile\Git\cmd;C:\Program Files (x86)\Java\jdk1.8.0_144\bin;C:\Program Files (x86)\Java\jdk1.8.0_144\jre\bin;D:\profile\apache-maven-3.5.3\bin\;D:\profile\mysql-5.6.39-winx64\bin;C:\Program Files\TortoiseSVN\bin;D:\Program Files (x86)\Gpg4win\..\GnuPG\bin;D:\profile\redis\;C:\Program Files\nodejs\;C:\Python27;C:\Go\bin;D:\gospace\bin;D:\Program Files\PuTTY\;C:\Users\fangzhipeng\AppData\Roaming\npm;D:\gospace\bin;C:\Program Files\JetBrains\IntelliJ IDEA Community Edition 2018.3.2\bin;;.]
2019-01-09 14:33:30.348  INFO 15820 --- [main] o.a.c.c.C.[Tomcat].[localhost].[/]       : Initializing Spring embedded WebApplicationContext
2019-01-09 14:33:30.349  INFO 15820 --- [main] o.s.web.context.ContextLoader            : Root WebApplicationContext: initialization completed in 3249 ms
2019-01-09 14:33:31.110  INFO 15820 --- [main] o.s.b.w.servlet.FilterRegistrationBean   : Mapping filter: 'characterEncodingFilter' to: [/*]
2019-01-09 14:33:31.111  INFO 15820 --- [main] o.s.b.w.servlet.FilterRegistrationBean   : Mapping filter: 'webMvcMetricsFilter' to: [/*]
2019-01-09 14:33:31.111  INFO 15820 --- [main] o.s.b.w.servlet.FilterRegistrationBean   : Mapping filter: 'hiddenHttpMethodFilter' to: [/*]
2019-01-09 14:33:31.111  INFO 15820 --- [main] o.s.b.w.servlet.FilterRegistrationBean   : Mapping filter: 'formContentFilter' to: [/*]
2019-01-09 14:33:31.111  INFO 15820 --- [main] o.s.b.w.servlet.FilterRegistrationBean   : Mapping filter: 'requestContextFilter' to: [/*]
2019-01-09 14:33:31.112  INFO 15820 --- [main] o.s.b.w.servlet.FilterRegistrationBean   : Mapping filter: 'httpTraceFilter' to: [/*]
2019-01-09 14:33:31.112  INFO 15820 --- [main] o.s.b.w.servlet.ServletRegistrationBean  : Servlet dispatcherServlet mapped to [/]
2019-01-09 14:33:31.114  INFO 15820 --- [main] o.s.b.a.e.web.ServletEndpointRegistrar   : Registered '/actuator/jolokia' to jolokia-actuator-endpoint
2019-01-09 14:33:31.406  INFO 15820 --- [main] o.s.s.concurrent.ThreadPoolTaskExecutor  : Initializing ExecutorService 'applicationTaskExecutor'
2019-01-09 14:33:31.797  INFO 15820 --- [main] o.s.s.c.ThreadPoolTaskScheduler          : Initializing ExecutorService
2019-01-09 14:33:31.901  INFO 15820 --- [main] o.s.b.a.e.web.EndpointLinksResolver      : Exposing 17 endpoint(s) beneath base path '/actuator'
2019-01-09 14:33:32.024  INFO 15820 --- [main] o.s.b.w.embedded.tomcat.TomcatWebServer  : Tomcat started on port(s): 8768 (http) with context path ''
2019-01-09 14:33:32.046  INFO 15820 --- [main] c.f.adminclient.AdminClientApplication   : Started AdminClientApplication in 6.425 seconds (JVM running for 7.39)
2019-01-09 14:33:32.287  INFO 15820 --- [registrationTask1] d.c.b.a.c.r.ApplicationRegistrator       : Application registered itself as 6bbafd06d725
2019-01-09 14:33:32.342  INFO 15820 --- [http-nio-8768-exec-1] o.a.c.c.C.[Tomcat].[localhost].[/]       : Initializing Spring DispatcherServlet 'dispatcherServlet'
2019-01-09 14:33:32.343  INFO 15820 --- [http-nio-8768-exec-1] o.s.web.servlet.DispatcherServlet        : Initializing Servlet 'dispatcherServlet'
2019-01-09 14:33:32.353  INFO 15820 --- [http-nio-8768-exec-1] o.s.web.servlet.DispatcherServlet        : Completed initialization in 10 ms
2019-01-09 14:34:36.449  INFO 15820 --- [http-nio-8768-exec-10] c.f.adminclient.AdminClientApplication   : 1234wedwe
2019-01-09 14:34:37.973  INFO 15820 --- [http-nio-8768-exec-2] c.f.adminclient.AdminClientApplication   : 1234wedwe
2019-01-09 14:34:38.088  INFO 15820 --- [http-nio-8768-exec-3] c.f.adminclient.AdminClientApplication   : 1234wedwe
2019-01-09 14:34:38.242  INFO 15820 --- [http-nio-8768-exec-7] c.f.adminclient.AdminClientApplication   : 1234wedwe
2019-01-09 14:34:38.370  INFO 15820 --- [http-nio-8768-exec-4] c.f.adminclient.AdminClientApplication   : 1234wedwe
2019-01-09 14:34:38.520  INFO 15820 --- [http-nio-8768-exec-10] c.f.adminclient.AdminClientApplication   : 1234wedwe
2019-01-09 14:35:09.607  INFO 15820 --- [http-nio-8768-exec-4] o.a.c.c.C.[Tomcat].[localhost].[/]       : jolokia-actuator-endpoint: No access restrictor found, access to any MBean is allowed
2019-01-09 14:37:03.111  INFO 15820 --- [http-nio-8768-exec-8] c.f.adminclient.AdminClientApplication   : 1234wedwe
2019-01-09 14:37:03.245  INFO 15820 --- [http-nio-8768-exec-7] c.f.adminclient.AdminClientApplication   : 1234wedwe
2019-01-09 14:37:03.407  INFO 15820 --- [http-nio-8768-exec-2] c.f.adminclient.AdminClientApplication   : 1234wedwe
2019-01-09 14:37:03.556  INFO 15820 --- [http-nio-8768-exec-1] c.f.adminclient.AdminClientApplication   : 1234wedwe
2019-01-09 14:37:03.668  INFO 15820 --- [http-nio-8768-exec-3] c.f.adminclient.AdminClientApplication   : 1234wedwe
2019-01-09 14:37:03.821  INFO 15820 --- [http-nio-8768-exec-8] c.f.adminclient.AdminClientApplication   : 1234wedwe
2019-01-09 14:37:03.932  INFO 15820 --- [http-nio-8768-exec-7] c.f.adminclient.AdminClientApplication   : 1234wedwe
